{
  "/Users/mathijsbok/Documents/Vibecoding/kleverscan/src/components/AccountsList/Summary.tsx": {
    "path": "/Users/mathijsbok/Documents/Vibecoding/kleverscan/src/components/AccountsList/Summary.tsx",
    "statementMap": {
      "0": {
        "start": { "line": 168, "column": 0 },
        "end": { "line": 168, "column": 15 }
      },
      "1": {
        "start": { "line": 8, "column": 7 },
        "end": { "line": 8, "column": null }
      },
      "2": {
        "start": { "line": 13, "column": 7 },
        "end": { "line": 13, "column": null }
      },
      "3": {
        "start": { "line": 14, "column": 25 },
        "end": { "line": 14, "column": null }
      },
      "4": {
        "start": { "line": 15, "column": 31 },
        "end": { "line": 15, "column": null }
      },
      "5": {
        "start": { "line": 16, "column": 18 },
        "end": { "line": 16, "column": null }
      },
      "6": {
        "start": { "line": 17, "column": 31 },
        "end": { "line": 17, "column": null }
      },
      "7": {
        "start": { "line": 24, "column": 7 },
        "end": { "line": 24, "column": null }
      },
      "8": {
        "start": { "line": 26, "column": 30 },
        "end": { "line": 26, "column": null }
      },
      "9": {
        "start": { "line": 29, "column": 20 },
        "end": { "line": 29, "column": null }
      },
      "10": {
        "start": { "line": 31, "column": 34 },
        "end": { "line": 166, "column": null }
      },
      "11": {
        "start": { "line": 32, "column": 16 },
        "end": { "line": 32, "column": null }
      },
      "12": {
        "start": { "line": 33, "column": 16 },
        "end": { "line": 35, "column": null }
      },
      "13": {
        "start": { "line": 37, "column": 30 },
        "end": { "line": 70, "column": null }
      },
      "14": {
        "start": { "line": 42, "column": 50 },
        "end": { "line": 46, "column": null }
      },
      "15": {
        "start": { "line": 48, "column": 6 },
        "end": { "line": 48, "column": null }
      },
      "16": {
        "start": { "line": 52, "column": 21 },
        "end": { "line": 52, "column": 37 }
      },
      "17": {
        "start": { "line": 65, "column": 8 },
        "end": { "line": 67, "column": null }
      },
      "18": {
        "start": { "line": 67, "column": 38 },
        "end": { "line": 67, "column": null }
      },
      "19": {
        "start": { "line": 68, "column": 6 },
        "end": { "line": 68, "column": null }
      },
      "20": {
        "start": { "line": 72, "column": 2 },
        "end": { "line": 74, "column": null }
      },
      "21": {
        "start": { "line": 76, "column": 2 },
        "end": { "line": 76, "column": null }
      },
      "22": {
        "start": { "line": 76, "column": 13 },
        "end": { "line": 76, "column": null }
      },
      "23": {
        "start": { "line": 78, "column": 48 },
        "end": { "line": 78, "column": null }
      },
      "24": {
        "start": { "line": 79, "column": 28 },
        "end": { "line": 79, "column": null }
      },
      "25": {
        "start": { "line": 83, "column": 2 },
        "end": { "line": 89, "column": null }
      },
      "26": {
        "start": { "line": 88, "column": 4 },
        "end": { "line": 88, "column": null }
      },
      "27": {
        "start": { "line": 168, "column": 15 },
        "end": { "line": 168, "column": null }
      }
    },
    "fnMap": {
      "0": {
        "name": "(anonymous_2)",
        "decl": {
          "start": { "line": 31, "column": 34 },
          "end": { "line": 31, "column": null }
        },
        "loc": {
          "start": { "line": 31, "column": 34 },
          "end": { "line": 166, "column": null }
        }
      },
      "1": {
        "name": "(anonymous_3)",
        "decl": {
          "start": { "line": 39, "column": 13 },
          "end": { "line": 39, "column": null }
        },
        "loc": {
          "start": { "line": 39, "column": 13 },
          "end": { "line": 49, "column": null }
        }
      },
      "2": {
        "name": "(anonymous_4)",
        "decl": {
          "start": { "line": 51, "column": 15 },
          "end": { "line": 51, "column": null }
        },
        "loc": {
          "start": { "line": 51, "column": 15 },
          "end": { "line": 69, "column": null }
        }
      },
      "3": {
        "name": "(anonymous_5)",
        "decl": {
          "start": { "line": 67, "column": 31 },
          "end": { "line": 67, "column": 38 }
        },
        "loc": {
          "start": { "line": 67, "column": 38 },
          "end": { "line": 67, "column": null }
        }
      }
    },
    "branchMap": {
      "0": {
        "loc": {
          "start": { "line": 48, "column": 37 },
          "end": { "line": 48, "column": 49 }
        },
        "type": "binary-expr",
        "locations": [
          {
            "start": { "line": 48, "column": 37 },
            "end": { "line": 48, "column": 47 }
          },
          {
            "start": { "line": 48, "column": 47 },
            "end": { "line": 48, "column": 49 }
          }
        ]
      },
      "1": {
        "loc": {
          "start": { "line": 65, "column": 8 },
          "end": { "line": 67, "column": null }
        },
        "type": "binary-expr",
        "locations": [
          {
            "start": { "line": 65, "column": 8 },
            "end": { "line": 65, "column": null }
          },
          {
            "start": { "line": 66, "column": 8 },
            "end": { "line": 66, "column": null }
          },
          {
            "start": { "line": 67, "column": 8 },
            "end": { "line": 67, "column": null }
          }
        ]
      },
      "2": {
        "loc": {
          "start": { "line": 68, "column": 13 },
          "end": { "line": 68, "column": null }
        },
        "type": "cond-expr",
        "locations": [
          {
            "start": { "line": 68, "column": 24 },
            "end": { "line": 68, "column": 40 }
          },
          {
            "start": { "line": 68, "column": 40 },
            "end": { "line": 68, "column": null }
          }
        ]
      },
      "3": {
        "loc": {
          "start": { "line": 72, "column": 2 },
          "end": { "line": 74, "column": null }
        },
        "type": "if",
        "locations": [
          {
            "start": { "line": 72, "column": 2 },
            "end": { "line": 74, "column": null }
          }
        ]
      },
      "4": {
        "loc": {
          "start": { "line": 76, "column": 2 },
          "end": { "line": 76, "column": null }
        },
        "type": "if",
        "locations": [
          {
            "start": { "line": 76, "column": 2 },
            "end": { "line": 76, "column": null }
          }
        ]
      },
      "5": {
        "loc": {
          "start": { "line": 83, "column": 2 },
          "end": { "line": 89, "column": null }
        },
        "type": "if",
        "locations": [
          {
            "start": { "line": 83, "column": 2 },
            "end": { "line": 89, "column": null }
          }
        ]
      },
      "6": {
        "loc": {
          "start": { "line": 84, "column": 4 },
          "end": { "line": 86, "column": null }
        },
        "type": "binary-expr",
        "locations": [
          {
            "start": { "line": 84, "column": 4 },
            "end": { "line": 84, "column": null }
          },
          {
            "start": { "line": 85, "column": 4 },
            "end": { "line": 85, "column": null }
          },
          {
            "start": { "line": 86, "column": 4 },
            "end": { "line": 86, "column": null }
          }
        ]
      },
      "7": {
        "loc": {
          "start": { "line": 96, "column": 9 },
          "end": { "line": 96, "column": null }
        },
        "type": "binary-expr",
        "locations": [
          {
            "start": { "line": 96, "column": 9 },
            "end": { "line": 96, "column": null }
          }
        ]
      },
      "8": {
        "loc": {
          "start": { "line": 117, "column": 9 },
          "end": { "line": 117, "column": null }
        },
        "type": "binary-expr",
        "locations": [
          {
            "start": { "line": 117, "column": 9 },
            "end": { "line": 117, "column": null }
          }
        ]
      },
      "9": {
        "loc": {
          "start": { "line": 125, "column": 13 },
          "end": { "line": 125, "column": null }
        },
        "type": "binary-expr",
        "locations": [
          {
            "start": { "line": 125, "column": 13 },
            "end": { "line": 125, "column": null }
          }
        ]
      },
      "10": {
        "loc": {
          "start": { "line": 132, "column": 31 },
          "end": { "line": 132, "column": 55 }
        },
        "type": "cond-expr",
        "locations": [
          {
            "start": { "line": 132, "column": 44 },
            "end": { "line": 132, "column": 50 }
          },
          {
            "start": { "line": 132, "column": 50 },
            "end": { "line": 132, "column": 55 }
          }
        ]
      },
      "11": {
        "loc": {
          "start": { "line": 140, "column": 9 },
          "end": { "line": 140, "column": null }
        },
        "type": "binary-expr",
        "locations": [
          {
            "start": { "line": 140, "column": 9 },
            "end": { "line": 140, "column": null }
          }
        ]
      }
    },
    "s": {
      "0": 17,
      "1": 1,
      "2": 1,
      "3": 1,
      "4": 1,
      "5": 1,
      "6": 1,
      "7": 1,
      "8": 1,
      "9": 1,
      "10": 1,
      "11": 28,
      "12": 28,
      "13": 28,
      "14": 15,
      "15": 15,
      "16": 239,
      "17": 239,
      "18": 38,
      "19": 239,
      "20": 28,
      "21": 14,
      "22": 0,
      "23": 14,
      "24": 14,
      "25": 14,
      "26": 2,
      "27": 1
    },
    "f": { "0": 28, "1": 15, "2": 239, "3": 38 },
    "b": {
      "0": [15, 3],
      "1": [239, 177, 151],
      "2": [88, 151],
      "3": [14],
      "4": [0],
      "5": [2],
      "6": [14, 5, 4],
      "7": [12],
      "8": [12],
      "9": [9],
      "10": [6, 1],
      "11": [12]
    }
  },
  "/Users/mathijsbok/Documents/Vibecoding/kleverscan/src/components/AccountsList/summaryFigures.ts": {
    "path": "/Users/mathijsbok/Documents/Vibecoding/kleverscan/src/components/AccountsList/summaryFigures.ts",
    "statementMap": {
      "0": {
        "start": { "line": 11, "column": 13 },
        "end": { "line": 11, "column": 30 }
      },
      "1": {
        "start": { "line": 11, "column": 30 },
        "end": { "line": 24, "column": null }
      },
      "2": {
        "start": { "line": 14, "column": 16 },
        "end": { "line": 14, "column": 25 }
      },
      "3": {
        "start": { "line": 15, "column": 20 },
        "end": { "line": 15, "column": 29 }
      },
      "4": {
        "start": { "line": 16, "column": 2 },
        "end": { "line": 23, "column": null }
      }
    },
    "fnMap": {
      "0": {
        "name": "(anonymous_1)",
        "decl": {
          "start": { "line": 11, "column": 30 },
          "end": { "line": 11, "column": null }
        },
        "loc": {
          "start": { "line": 12, "column": 2 },
          "end": { "line": 24, "column": null }
        }
      }
    },
    "branchMap": {
      "0": {
        "loc": {
          "start": { "line": 20, "column": 6 },
          "end": { "line": 22, "column": null }
        },
        "type": "cond-expr",
        "locations": [
          {
            "start": { "line": 21, "column": 10 },
            "end": { "line": 21, "column": null }
          },
          {
            "start": { "line": 22, "column": 10 },
            "end": { "line": 22, "column": null }
          }
        ]
      },
      "1": {
        "loc": {
          "start": { "line": 20, "column": 6 },
          "end": { "line": 20, "column": null }
        },
        "type": "binary-expr",
        "locations": [
          {
            "start": { "line": 20, "column": 6 },
            "end": { "line": 20, "column": 29 }
          },
          {
            "start": { "line": 20, "column": 29 },
            "end": { "line": 20, "column": null }
          }
        ]
      }
    },
    "s": { "0": 20, "1": 2, "2": 20, "3": 20, "4": 20 },
    "f": { "0": 20 },
    "b": { "0": [10, 10], "1": [20, 13] }
  },
  "/Users/mathijsbok/Documents/Vibecoding/kleverscan/src/components/BlocksList/Summary.tsx": {
    "path": "/Users/mathijsbok/Documents/Vibecoding/kleverscan/src/components/BlocksList/Summary.tsx",
    "statementMap": {
      "0": {
        "start": { "line": 241, "column": 0 },
        "end": { "line": 241, "column": 15 }
      },
      "1": {
        "start": { "line": 12, "column": 7 },
        "end": { "line": 12, "column": null }
      },
      "2": {
        "start": { "line": 18, "column": 7 },
        "end": { "line": 18, "column": null }
      },
      "3": {
        "start": { "line": 19, "column": 25 },
        "end": { "line": 19, "column": null }
      },
      "4": {
        "start": { "line": 24, "column": 7 },
        "end": { "line": 24, "column": null }
      },
      "5": {
        "start": { "line": 25, "column": 30 },
        "end": { "line": 25, "column": null }
      },
      "6": {
        "start": { "line": 26, "column": 25 },
        "end": { "line": 26, "column": null }
      },
      "7": {
        "start": { "line": 27, "column": 31 },
        "end": { "line": 27, "column": null }
      },
      "8": {
        "start": { "line": 28, "column": 18 },
        "end": { "line": 28, "column": null }
      },
      "9": {
        "start": { "line": 29, "column": 51 },
        "end": { "line": 29, "column": null }
      },
      "10": {
        "start": { "line": 30, "column": 37 },
        "end": { "line": 30, "column": null }
      },
      "11": {
        "start": { "line": 31, "column": 23 },
        "end": { "line": 31, "column": null }
      },
      "12": {
        "start": { "line": 36, "column": 7 },
        "end": { "line": 36, "column": null }
      },
      "13": {
        "start": { "line": 44, "column": 32 },
        "end": { "line": 239, "column": null }
      },
      "14": {
        "start": { "line": 45, "column": 16 },
        "end": { "line": 45, "column": null }
      },
      "15": {
        "start": { "line": 46, "column": 20 },
        "end": { "line": 46, "column": null }
      },
      "16": {
        "start": { "line": 47, "column": 16 },
        "end": { "line": 49, "column": null }
      },
      "17": {
        "start": { "line": 51, "column": 45 },
        "end": { "line": 82, "column": null }
      },
      "18": {
        "start": { "line": 57, "column": 47 },
        "end": { "line": 61, "column": null }
      },
      "19": {
        "start": { "line": 62, "column": 6 },
        "end": { "line": 62, "column": null }
      },
      "20": {
        "start": { "line": 69, "column": 6 },
        "end": { "line": 75, "column": null }
      },
      "21": {
        "start": { "line": 77, "column": 6 },
        "end": { "line": 78, "column": null }
      },
      "22": {
        "start": { "line": 84, "column": 2 },
        "end": { "line": 86, "column": null }
      },
      "23": {
        "start": { "line": 87, "column": 2 },
        "end": { "line": 87, "column": null }
      },
      "24": {
        "start": { "line": 87, "column": 13 },
        "end": { "line": 87, "column": null }
      },
      "25": {
        "start": { "line": 89, "column": 45 },
        "end": { "line": 89, "column": null }
      },
      "26": {
        "start": { "line": 90, "column": 15 },
        "end": { "line": 90, "column": null }
      },
      "27": {
        "start": { "line": 94, "column": 2 },
        "end": { "line": 94, "column": null }
      },
      "28": {
        "start": { "line": 94, "column": 18 },
        "end": { "line": 94, "column": null }
      },
      "29": {
        "start": { "line": 96, "column": 19 },
        "end": { "line": 112, "column": null }
      },
      "30": {
        "start": { "line": 109, "column": 20 },
        "end": { "line": 112, "column": null }
      },
      "31": {
        "start": { "line": 111, "column": 37 },
        "end": { "line": 111, "column": 58 }
      },
      "32": {
        "start": { "line": 114, "column": 19 },
        "end": { "line": 116, "column": null }
      },
      "33": {
        "start": { "line": 115, "column": 14 },
        "end": { "line": 115, "column": 69 }
      },
      "34": {
        "start": { "line": 214, "column": 14 },
        "end": { "line": 215, "column": null }
      },
      "35": {
        "start": { "line": 226, "column": 14 },
        "end": { "line": 226, "column": null }
      },
      "36": {
        "start": { "line": 241, "column": 15 },
        "end": { "line": 241, "column": null }
      }
    },
    "fnMap": {
      "0": {
        "name": "(anonymous_2)",
        "decl": {
          "start": { "line": 44, "column": 32 },
          "end": { "line": 44, "column": null }
        },
        "loc": {
          "start": { "line": 44, "column": 32 },
          "end": { "line": 239, "column": null }
        }
      },
      "1": {
        "name": "(anonymous_3)",
        "decl": {
          "start": { "line": 53, "column": 13 },
          "end": { "line": 53, "column": null }
        },
        "loc": {
          "start": { "line": 53, "column": 13 },
          "end": { "line": 63, "column": null }
        }
      },
      "2": {
        "name": "(anonymous_4)",
        "decl": {
          "start": { "line": 68, "column": 15 },
          "end": { "line": 68, "column": null }
        },
        "loc": {
          "start": { "line": 69, "column": 6 },
          "end": { "line": 75, "column": null }
        }
      },
      "3": {
        "name": "(anonymous_5)",
        "decl": {
          "start": { "line": 76, "column": 21 },
          "end": { "line": 76, "column": null }
        },
        "loc": {
          "start": { "line": 77, "column": 6 },
          "end": { "line": 78, "column": null }
        }
      },
      "4": {
        "name": "(anonymous_6)",
        "decl": {
          "start": { "line": 109, "column": 8 },
          "end": { "line": 109, "column": 20 }
        },
        "loc": {
          "start": { "line": 109, "column": 20 },
          "end": { "line": 112, "column": null }
        }
      },
      "5": {
        "name": "(anonymous_7)",
        "decl": {
          "start": { "line": 111, "column": 32 },
          "end": { "line": 111, "column": 37 }
        },
        "loc": {
          "start": { "line": 111, "column": 37 },
          "end": { "line": 111, "column": 58 }
        }
      },
      "6": {
        "name": "(anonymous_8)",
        "decl": {
          "start": { "line": 115, "column": 9 },
          "end": { "line": 115, "column": 14 }
        },
        "loc": {
          "start": { "line": 115, "column": 14 },
          "end": { "line": 115, "column": 69 }
        }
      },
      "7": {
        "name": "(anonymous_9)",
        "decl": {
          "start": { "line": 213, "column": 26 },
          "end": { "line": 213, "column": 27 }
        },
        "loc": {
          "start": { "line": 214, "column": 14 },
          "end": { "line": 215, "column": null }
        }
      },
      "8": {
        "name": "(anonymous_10)",
        "decl": {
          "start": { "line": 225, "column": 26 },
          "end": { "line": 225, "column": null }
        },
        "loc": {
          "start": { "line": 226, "column": 14 },
          "end": { "line": 226, "column": null }
        }
      }
    },
    "branchMap": {
      "0": {
        "loc": {
          "start": { "line": 69, "column": 6 },
          "end": { "line": 75, "column": null }
        },
        "type": "cond-expr",
        "locations": [
          {
            "start": { "line": 74, "column": 10 },
            "end": { "line": 74, "column": null }
          },
          {
            "start": { "line": 75, "column": 10 },
            "end": { "line": 75, "column": null }
          }
        ]
      },
      "1": {
        "loc": {
          "start": { "line": 84, "column": 2 },
          "end": { "line": 86, "column": null }
        },
        "type": "if",
        "locations": [
          {
            "start": { "line": 84, "column": 2 },
            "end": { "line": 86, "column": null }
          }
        ]
      },
      "2": {
        "loc": {
          "start": { "line": 87, "column": 2 },
          "end": { "line": 87, "column": null }
        },
        "type": "if",
        "locations": [
          {
            "start": { "line": 87, "column": 2 },
            "end": { "line": 87, "column": null }
          }
        ]
      },
      "3": {
        "loc": {
          "start": { "line": 94, "column": 2 },
          "end": { "line": 94, "column": null }
        },
        "type": "if",
        "locations": [
          {
            "start": { "line": 94, "column": 2 },
            "end": { "line": 94, "column": null }
          }
        ]
      },
      "4": {
        "loc": {
          "start": { "line": 111, "column": 12 },
          "end": { "line": 111, "column": null }
        },
        "type": "binary-expr",
        "locations": [
          {
            "start": { "line": 111, "column": 12 },
            "end": { "line": 111, "column": 71 }
          },
          {
            "start": { "line": 111, "column": 71 },
            "end": { "line": 111, "column": null }
          }
        ]
      },
      "5": {
        "loc": {
          "start": { "line": 115, "column": 50 },
          "end": { "line": 115, "column": 69 }
        },
        "type": "binary-expr",
        "locations": [
          {
            "start": { "line": 115, "column": 50 },
            "end": { "line": 115, "column": 65 }
          },
          {
            "start": { "line": 115, "column": 65 },
            "end": { "line": 115, "column": 69 }
          }
        ]
      },
      "6": {
        "loc": {
          "start": { "line": 130, "column": 11 },
          "end": { "line": 130, "column": null }
        },
        "type": "binary-expr",
        "locations": [
          {
            "start": { "line": 130, "column": 11 },
            "end": { "line": 130, "column": null }
          }
        ]
      },
      "7": {
        "loc": {
          "start": { "line": 142, "column": 9 },
          "end": { "line": 142, "column": null }
        },
        "type": "binary-expr",
        "locations": [
          {
            "start": { "line": 142, "column": 9 },
            "end": { "line": 142, "column": null }
          }
        ]
      },
      "8": {
        "loc": {
          "start": { "line": 163, "column": 9 },
          "end": { "line": 163, "column": null }
        },
        "type": "binary-expr",
        "locations": [
          {
            "start": { "line": 163, "column": 9 },
            "end": { "line": 163, "column": null }
          }
        ]
      },
      "9": {
        "loc": {
          "start": { "line": 171, "column": 13 },
          "end": { "line": 171, "column": null }
        },
        "type": "binary-expr",
        "locations": [
          {
            "start": { "line": 171, "column": 13 },
            "end": { "line": 171, "column": null }
          }
        ]
      },
      "10": {
        "loc": {
          "start": { "line": 196, "column": 11 },
          "end": { "line": 196, "column": null }
        },
        "type": "binary-expr",
        "locations": [
          {
            "start": { "line": 196, "column": 11 },
            "end": { "line": 196, "column": null }
          }
        ]
      },
      "11": {
        "loc": {
          "start": { "line": 210, "column": 7 },
          "end": { "line": 210, "column": null }
        },
        "type": "binary-expr",
        "locations": [
          {
            "start": { "line": 210, "column": 7 },
            "end": { "line": 210, "column": null }
          }
        ]
      }
    },
    "s": {
      "0": 10,
      "1": 1,
      "2": 1,
      "3": 1,
      "4": 1,
      "5": 1,
      "6": 1,
      "7": 1,
      "8": 1,
      "9": 1,
      "10": 1,
      "11": 1,
      "12": 1,
      "13": 1,
      "14": 19,
      "15": 19,
      "16": 19,
      "17": 19,
      "18": 10,
      "19": 8,
      "20": 144,
      "21": 58,
      "22": 19,
      "23": 9,
      "24": 1,
      "25": 8,
      "26": 8,
      "27": 8,
      "28": 2,
      "29": 6,
      "30": 18,
      "31": 30,
      "32": 6,
      "33": 18,
      "34": 15,
      "35": 15,
      "36": 1
    },
    "f": {
      "0": 19,
      "1": 10,
      "2": 144,
      "3": 58,
      "4": 18,
      "5": 30,
      "6": 18,
      "7": 15,
      "8": 15
    },
    "b": {
      "0": [12, 132],
      "1": [10],
      "2": [1],
      "3": [2],
      "4": [18, 3],
      "5": [18, 3],
      "6": [6],
      "7": [6],
      "8": [6],
      "9": [5],
      "10": [6],
      "11": [6]
    }
  },
  "/Users/mathijsbok/Documents/Vibecoding/kleverscan/src/components/BlocksList/summaryFigures.ts": {
    "path": "/Users/mathijsbok/Documents/Vibecoding/kleverscan/src/components/BlocksList/summaryFigures.ts",
    "statementMap": {
      "0": {
        "start": { "line": 26, "column": 13 },
        "end": { "line": 26, "column": 24 }
      },
      "1": {
        "start": { "line": 62, "column": 13 },
        "end": { "line": 62, "column": 31 }
      },
      "2": {
        "start": { "line": 75, "column": 13 },
        "end": { "line": 75, "column": 38 }
      },
      "3": {
        "start": { "line": 26, "column": 24 },
        "end": { "line": 56, "column": null }
      },
      "4": {
        "start": { "line": 29, "column": 2 },
        "end": { "line": 29, "column": null }
      },
      "5": {
        "start": { "line": 29, "column": 12 },
        "end": { "line": 29, "column": null }
      },
      "6": {
        "start": { "line": 31, "column": 17 },
        "end": { "line": 34, "column": null }
      },
      "7": {
        "start": { "line": 32, "column": 4 },
        "end": { "line": 34, "column": null }
      },
      "8": {
        "start": { "line": 36, "column": 20 },
        "end": { "line": 36, "column": null }
      },
      "9": {
        "start": { "line": 37, "column": 15 },
        "end": { "line": 37, "column": null }
      },
      "10": {
        "start": { "line": 42, "column": 21 },
        "end": { "line": 42, "column": null }
      },
      "11": {
        "start": { "line": 43, "column": 17 },
        "end": { "line": 43, "column": null }
      },
      "12": {
        "start": { "line": 45, "column": 16 },
        "end": { "line": 45, "column": null }
      },
      "13": {
        "start": { "line": 46, "column": 2 },
        "end": { "line": 46, "column": null }
      },
      "14": {
        "start": { "line": 46, "column": 19 },
        "end": { "line": 46, "column": null }
      },
      "15": {
        "start": { "line": 48, "column": 2 },
        "end": { "line": 55, "column": null }
      },
      "16": {
        "start": { "line": 62, "column": 31 },
        "end": { "line": 67, "column": null }
      },
      "17": {
        "start": { "line": 67, "column": 2 },
        "end": { "line": 67, "column": null }
      },
      "18": {
        "start": { "line": 75, "column": 38 },
        "end": { "line": 79, "column": null }
      },
      "19": {
        "start": { "line": 79, "column": 22 },
        "end": { "line": 79, "column": null }
      }
    },
    "fnMap": {
      "0": {
        "name": "(anonymous_4)",
        "decl": {
          "start": { "line": 26, "column": 24 },
          "end": { "line": 26, "column": null }
        },
        "loc": {
          "start": { "line": 27, "column": 2 },
          "end": { "line": 56, "column": null }
        }
      },
      "1": {
        "name": "(anonymous_5)",
        "decl": {
          "start": { "line": 31, "column": 17 },
          "end": { "line": 31, "column": 18 }
        },
        "loc": {
          "start": { "line": 32, "column": 4 },
          "end": { "line": 34, "column": null }
        }
      },
      "2": {
        "name": "(anonymous_6)",
        "decl": {
          "start": { "line": 62, "column": 31 },
          "end": { "line": 62, "column": null }
        },
        "loc": {
          "start": { "line": 67, "column": 2 },
          "end": { "line": 67, "column": null }
        }
      },
      "3": {
        "name": "(anonymous_7)",
        "decl": {
          "start": { "line": 75, "column": 38 },
          "end": { "line": 75, "column": null }
        },
        "loc": {
          "start": { "line": 79, "column": 22 },
          "end": { "line": 79, "column": null }
        }
      }
    },
    "branchMap": {
      "0": {
        "loc": {
          "start": { "line": 29, "column": 2 },
          "end": { "line": 29, "column": null }
        },
        "type": "if",
        "locations": [
          {
            "start": { "line": 29, "column": 2 },
            "end": { "line": 29, "column": null }
          }
        ]
      },
      "1": {
        "loc": {
          "start": { "line": 32, "column": 4 },
          "end": { "line": 34, "column": null }
        },
        "type": "cond-expr",
        "locations": [
          {
            "start": { "line": 33, "column": 8 },
            "end": { "line": 33, "column": null }
          },
          {
            "start": { "line": 34, "column": 8 },
            "end": { "line": 34, "column": null }
          }
        ]
      },
      "2": {
        "loc": {
          "start": { "line": 32, "column": 4 },
          "end": { "line": 32, "column": null }
        },
        "type": "binary-expr",
        "locations": [
          {
            "start": { "line": 32, "column": 4 },
            "end": { "line": 32, "column": 33 }
          },
          {
            "start": { "line": 32, "column": 33 },
            "end": { "line": 32, "column": 59 }
          },
          {
            "start": { "line": 32, "column": 59 },
            "end": { "line": 32, "column": null }
          }
        ]
      },
      "3": {
        "loc": {
          "start": { "line": 46, "column": 2 },
          "end": { "line": 46, "column": null }
        },
        "type": "if",
        "locations": [
          {
            "start": { "line": 46, "column": 2 },
            "end": { "line": 46, "column": null }
          }
        ]
      },
      "4": {
        "loc": {
          "start": { "line": 67, "column": 2 },
          "end": { "line": 67, "column": null }
        },
        "type": "binary-expr",
        "locations": [
          {
            "start": { "line": 67, "column": 2 },
            "end": { "line": 67, "column": 45 }
          },
          {
            "start": { "line": 67, "column": 45 },
            "end": { "line": 67, "column": null }
          }
        ]
      },
      "5": {
        "loc": {
          "start": { "line": 67, "column": 10 },
          "end": { "line": 67, "column": 45 }
        },
        "type": "binary-expr",
        "locations": [
          {
            "start": { "line": 67, "column": 10 },
            "end": { "line": 67, "column": 29 }
          },
          {
            "start": { "line": 67, "column": 29 },
            "end": { "line": 67, "column": 45 }
          }
        ]
      },
      "6": {
        "loc": {
          "start": { "line": 79, "column": 22 },
          "end": { "line": 79, "column": null }
        },
        "type": "cond-expr",
        "locations": [
          {
            "start": { "line": 79, "column": 46 },
            "end": { "line": 79, "column": 54 }
          },
          {
            "start": { "line": 79, "column": 54 },
            "end": { "line": 79, "column": null }
          }
        ]
      }
    },
    "s": {
      "0": 20,
      "1": 144,
      "2": 65,
      "3": 2,
      "4": 20,
      "5": 3,
      "6": 17,
      "7": 51,
      "8": 17,
      "9": 17,
      "10": 17,
      "11": 17,
      "12": 17,
      "13": 17,
      "14": 2,
      "15": 15,
      "16": 2,
      "17": 209,
      "18": 2,
      "19": 65
    },
    "f": { "0": 20, "1": 51, "2": 209, "3": 65 },
    "b": {
      "0": [3],
      "1": [45, 6],
      "2": [51, 48, 46],
      "3": [2],
      "4": [209, 19],
      "5": [209, 52],
      "6": [6, 59]
    }
  },
  "/Users/mathijsbok/Documents/Vibecoding/kleverscan/src/components/Home/index.tsx": {
    "path": "/Users/mathijsbok/Documents/Vibecoding/kleverscan/src/components/Home/index.tsx",
    "statementMap": {
      "0": {
        "start": { "line": 44, "column": 0 },
        "end": { "line": 44, "column": 15 }
      },
      "1": {
        "start": { "line": 2, "column": 29 },
        "end": { "line": 2, "column": null }
      },
      "2": {
        "start": { "line": 3, "column": 26 },
        "end": { "line": 3, "column": null }
      },
      "3": {
        "start": { "line": 4, "column": 21 },
        "end": { "line": 4, "column": null }
      },
      "4": {
        "start": { "line": 5, "column": 30 },
        "end": { "line": 5, "column": null }
      },
      "5": {
        "start": { "line": 6, "column": 29 },
        "end": { "line": 6, "column": null }
      },
      "6": {
        "start": { "line": 7, "column": 39 },
        "end": { "line": 7, "column": null }
      },
      "7": {
        "start": { "line": 8, "column": 33 },
        "end": { "line": 8, "column": null }
      },
      "8": {
        "start": { "line": 14, "column": 7 },
        "end": { "line": 14, "column": null }
      },
      "9": {
        "start": { "line": 15, "column": 18 },
        "end": { "line": 15, "column": null }
      },
      "10": {
        "start": { "line": 16, "column": 31 },
        "end": { "line": 16, "column": null }
      },
      "11": {
        "start": { "line": 17, "column": 37 },
        "end": { "line": 17, "column": null }
      },
      "12": {
        "start": { "line": 18, "column": 27 },
        "end": { "line": 18, "column": null }
      },
      "13": {
        "start": { "line": 20, "column": 42 },
        "end": { "line": 42, "column": null }
      },
      "14": {
        "start": { "line": 44, "column": 15 },
        "end": { "line": 44, "column": null }
      }
    },
    "fnMap": {
      "0": {
        "name": "(anonymous_2)",
        "decl": {
          "start": { "line": 20, "column": 42 },
          "end": { "line": 20, "column": null }
        },
        "loc": {
          "start": { "line": 20, "column": 42 },
          "end": { "line": 42, "column": null }
        }
      }
    },
    "branchMap": {},
    "s": {
      "0": 0,
      "1": 0,
      "2": 0,
      "3": 0,
      "4": 0,
      "5": 0,
      "6": 0,
      "7": 0,
      "8": 0,
      "9": 0,
      "10": 0,
      "11": 0,
      "12": 0,
      "13": 0,
      "14": 0
    },
    "f": { "0": 0 },
    "b": {}
  },
  "/Users/mathijsbok/Documents/Vibecoding/kleverscan/src/components/Home/BlockCardFetcher/index.tsx": {
    "path": "/Users/mathijsbok/Documents/Vibecoding/kleverscan/src/components/Home/BlockCardFetcher/index.tsx",
    "statementMap": {
      "0": {
        "start": { "line": 25, "column": 13 },
        "end": { "line": 25, "column": 28 }
      },
      "1": {
        "start": { "line": 33, "column": 13 },
        "end": { "line": 33, "column": 33 }
      },
      "2": {
        "start": { "line": 80, "column": 13 },
        "end": { "line": 80, "column": 39 }
      },
      "3": {
        "start": { "line": 192, "column": 0 },
        "end": { "line": 192, "column": 15 }
      },
      "4": {
        "start": { "line": 21, "column": 32 },
        "end": { "line": 21, "column": null }
      },
      "5": {
        "start": { "line": 2, "column": 33 },
        "end": { "line": 2, "column": null }
      },
      "6": {
        "start": { "line": 3, "column": 22 },
        "end": { "line": 3, "column": null }
      },
      "7": {
        "start": { "line": 4, "column": 30 },
        "end": { "line": 4, "column": null }
      },
      "8": {
        "start": { "line": 5, "column": 49 },
        "end": { "line": 5, "column": null }
      },
      "9": {
        "start": { "line": 6, "column": 26 },
        "end": { "line": 6, "column": null }
      },
      "10": {
        "start": { "line": 7, "column": 34 },
        "end": { "line": 7, "column": null }
      },
      "11": {
        "start": { "line": 8, "column": 39 },
        "end": { "line": 8, "column": null }
      },
      "12": {
        "start": { "line": 11, "column": 29 },
        "end": { "line": 11, "column": null }
      },
      "13": {
        "start": { "line": 17, "column": 7 },
        "end": { "line": 17, "column": null }
      },
      "14": {
        "start": { "line": 18, "column": 25 },
        "end": { "line": 18, "column": null }
      },
      "15": {
        "start": { "line": 19, "column": 31 },
        "end": { "line": 19, "column": null }
      },
      "16": {
        "start": { "line": 20, "column": 17 },
        "end": { "line": 20, "column": null }
      },
      "17": {
        "start": { "line": 22, "column": 66 },
        "end": { "line": 22, "column": null }
      },
      "18": {
        "start": { "line": 23, "column": 26 },
        "end": { "line": 23, "column": null }
      },
      "19": {
        "start": { "line": 25, "column": 28 },
        "end": { "line": 31, "column": null }
      },
      "20": {
        "start": { "line": 33, "column": 33 },
        "end": { "line": 78, "column": null }
      },
      "21": {
        "start": { "line": 35, "column": 4 },
        "end": { "line": 35, "column": null }
      },
      "22": {
        "start": { "line": 37, "column": 32 },
        "end": { "line": 37, "column": null }
      },
      "23": {
        "start": { "line": 39, "column": 34 },
        "end": { "line": 75, "column": null }
      },
      "24": {
        "start": { "line": 77, "column": 2 },
        "end": { "line": 77, "column": null }
      },
      "25": {
        "start": { "line": 80, "column": 39 },
        "end": { "line": 120, "column": null }
      },
      "26": {
        "start": { "line": 82, "column": 4 },
        "end": { "line": 82, "column": null }
      },
      "27": {
        "start": { "line": 84, "column": 34 },
        "end": { "line": 117, "column": null }
      },
      "28": {
        "start": { "line": 119, "column": 2 },
        "end": { "line": 119, "column": null }
      },
      "29": {
        "start": { "line": 122, "column": 54 },
        "end": { "line": 190, "column": null }
      },
      "30": {
        "start": { "line": 123, "column": 36 },
        "end": { "line": 123, "column": null }
      },
      "31": {
        "start": { "line": 124, "column": 16 },
        "end": { "line": 124, "column": null }
      },
      "32": {
        "start": { "line": 125, "column": 34 },
        "end": { "line": 125, "column": null }
      },
      "33": {
        "start": { "line": 126, "column": 23 },
        "end": { "line": 126, "column": null }
      },
      "34": {
        "start": { "line": 131, "column": 37 },
        "end": { "line": 142, "column": null }
      },
      "35": {
        "start": { "line": 132, "column": 21 },
        "end": { "line": 132, "column": null }
      },
      "36": {
        "start": { "line": 134, "column": 4 },
        "end": { "line": 141, "column": null }
      },
      "37": {
        "start": { "line": 144, "column": 29 },
        "end": { "line": 154, "column": null }
      },
      "38": {
        "start": { "line": 149, "column": 46 },
        "end": { "line": 149, "column": null }
      },
      "39": {
        "start": { "line": 170, "column": 30 },
        "end": { "line": 170, "column": null }
      },
      "40": {
        "start": { "line": 192, "column": 15 },
        "end": { "line": 192, "column": null }
      }
    },
    "fnMap": {
      "0": {
        "name": "(anonymous_9)",
        "decl": {
          "start": { "line": 33, "column": 33 },
          "end": { "line": 33, "column": 34 }
        },
        "loc": {
          "start": { "line": 33, "column": 34 },
          "end": { "line": 78, "column": null }
        }
      },
      "1": {
        "name": "(anonymous_12)",
        "decl": {
          "start": { "line": 80, "column": 39 },
          "end": { "line": 80, "column": 40 }
        },
        "loc": {
          "start": { "line": 80, "column": 40 },
          "end": { "line": 120, "column": null }
        }
      },
      "2": {
        "name": "(anonymous_15)",
        "decl": {
          "start": { "line": 122, "column": 54 },
          "end": { "line": 122, "column": null }
        },
        "loc": {
          "start": { "line": 122, "column": 54 },
          "end": { "line": 190, "column": null }
        }
      },
      "3": {
        "name": "(anonymous_16)",
        "decl": {
          "start": { "line": 131, "column": 37 },
          "end": { "line": 131, "column": 44 }
        },
        "loc": {
          "start": { "line": 131, "column": 64 },
          "end": { "line": 142, "column": null }
        }
      },
      "4": {
        "name": "(anonymous_17)",
        "decl": {
          "start": { "line": 149, "column": 13 },
          "end": { "line": 149, "column": 14 }
        },
        "loc": {
          "start": { "line": 149, "column": 46 },
          "end": { "line": 149, "column": null }
        }
      },
      "5": {
        "name": "(anonymous_18)",
        "decl": {
          "start": { "line": 170, "column": 24 },
          "end": { "line": 170, "column": 30 }
        },
        "loc": {
          "start": { "line": 170, "column": 30 },
          "end": { "line": 170, "column": null }
        }
      }
    },
    "branchMap": {
      "0": {
        "loc": {
          "start": { "line": 62, "column": 14 },
          "end": { "line": 64, "column": null }
        },
        "type": "cond-expr",
        "locations": [
          {
            "start": { "line": 63, "column": 18 },
            "end": { "line": 63, "column": null }
          },
          {
            "start": { "line": 64, "column": 18 },
            "end": { "line": 64, "column": null }
          }
        ]
      },
      "1": {
        "loc": {
          "start": { "line": 62, "column": 14 },
          "end": { "line": 62, "column": null }
        },
        "type": "binary-expr",
        "locations": [
          {
            "start": { "line": 62, "column": 14 },
            "end": { "line": 62, "column": 30 }
          },
          {
            "start": { "line": 62, "column": 30 },
            "end": { "line": 62, "column": null }
          }
        ]
      },
      "2": {
        "loc": {
          "start": { "line": 131, "column": 44 },
          "end": { "line": 131, "column": 52 }
        },
        "type": "default-arg",
        "locations": [
          {
            "start": { "line": 131, "column": 51 },
            "end": { "line": 131, "column": 52 }
          }
        ]
      },
      "3": {
        "loc": {
          "start": { "line": 131, "column": 54 },
          "end": { "line": 131, "column": 64 }
        },
        "type": "default-arg",
        "locations": [
          {
            "start": { "line": 131, "column": 62 },
            "end": { "line": 131, "column": 64 }
          }
        ]
      },
      "4": {
        "loc": {
          "start": { "line": 132, "column": 21 },
          "end": { "line": 132, "column": null }
        },
        "type": "cond-expr",
        "locations": [
          {
            "start": { "line": 132, "column": 32 },
            "end": { "line": 132, "column": 36 }
          },
          {
            "start": { "line": 132, "column": 36 },
            "end": { "line": 132, "column": null }
          }
        ]
      },
      "5": {
        "loc": {
          "start": { "line": 136, "column": 17 },
          "end": { "line": 136, "column": 28 }
        },
        "type": "binary-expr",
        "locations": [
          {
            "start": { "line": 136, "column": 17 },
            "end": { "line": 136, "column": 27 }
          },
          {
            "start": { "line": 136, "column": 27 },
            "end": { "line": 136, "column": 28 }
          }
        ]
      },
      "6": {
        "loc": {
          "start": { "line": 147, "column": 17 },
          "end": { "line": 147, "column": null }
        },
        "type": "cond-expr",
        "locations": [
          {
            "start": { "line": 147, "column": 28 },
            "end": { "line": 147, "column": 54 }
          },
          {
            "start": { "line": 147, "column": 54 },
            "end": { "line": 147, "column": null }
          }
        ]
      },
      "7": {
        "loc": {
          "start": { "line": 169, "column": 9 },
          "end": { "line": 173, "column": null }
        },
        "type": "cond-expr",
        "locations": [
          {
            "start": { "line": 170, "column": 10 },
            "end": { "line": 173, "column": null }
          },
          {
            "start": { "line": 173, "column": 12 },
            "end": { "line": 173, "column": null }
          }
        ]
      },
      "8": {
        "loc": {
          "start": { "line": 176, "column": 8 },
          "end": { "line": 180, "column": 9 }
        },
        "type": "cond-expr",
        "locations": [
          {
            "start": { "line": 176, "column": 8 },
            "end": { "line": 180, "column": 9 }
          }
        ]
      },
      "9": {
        "loc": {
          "start": { "line": 177, "column": 11 },
          "end": { "line": 177, "column": 24 }
        },
        "type": "binary-expr",
        "locations": [
          {
            "start": { "line": 177, "column": 11 },
            "end": { "line": 177, "column": 24 }
          }
        ]
      }
    },
    "s": {
      "0": 0,
      "1": 1,
      "2": 1,
      "3": 0,
      "4": 1,
      "5": 1,
      "6": 1,
      "7": 1,
      "8": 1,
      "9": 1,
      "10": 1,
      "11": 1,
      "12": 1,
      "13": 1,
      "14": 1,
      "15": 1,
      "16": 1,
      "17": 1,
      "18": 1,
      "19": 1,
      "20": 1,
      "21": 1,
      "22": 1,
      "23": 1,
      "24": 1,
      "25": 1,
      "26": 1,
      "27": 1,
      "28": 1,
      "29": 1,
      "30": 0,
      "31": 0,
      "32": 0,
      "33": 0,
      "34": 0,
      "35": 0,
      "36": 0,
      "37": 0,
      "38": 0,
      "39": 0,
      "40": 1
    },
    "f": { "0": 1, "1": 1, "2": 0, "3": 0, "4": 0, "5": 0 },
    "b": {
      "0": [0, 0],
      "1": [0, 0],
      "2": [0],
      "3": [0],
      "4": [0, 0],
      "5": [0, 0],
      "6": [0, 0],
      "7": [0, 0],
      "8": [0],
      "9": [0]
    }
  },
  "/Users/mathijsbok/Documents/Vibecoding/kleverscan/src/components/Home/BlockCardFetcher/BlockCard/index.tsx": {
    "path": "/Users/mathijsbok/Documents/Vibecoding/kleverscan/src/components/Home/BlockCardFetcher/BlockCard/index.tsx",
    "statementMap": {
      "0": {
        "start": { "line": 166, "column": 0 },
        "end": { "line": 166, "column": 15 }
      },
      "1": {
        "start": { "line": 1, "column": 27 },
        "end": { "line": 1, "column": null }
      },
      "2": {
        "start": { "line": 2, "column": 26 },
        "end": { "line": 2, "column": null }
      },
      "3": {
        "start": { "line": 4, "column": 29 },
        "end": { "line": 4, "column": null }
      },
      "4": {
        "start": { "line": 5, "column": 31 },
        "end": { "line": 5, "column": null }
      },
      "5": {
        "start": { "line": 6, "column": 23 },
        "end": { "line": 6, "column": null }
      },
      "6": {
        "start": { "line": 14, "column": 7 },
        "end": { "line": 14, "column": null }
      },
      "7": {
        "start": { "line": 15, "column": 29 },
        "end": { "line": 15, "column": null }
      },
      "8": {
        "start": { "line": 16, "column": 31 },
        "end": { "line": 16, "column": null }
      },
      "9": {
        "start": { "line": 17, "column": 18 },
        "end": { "line": 17, "column": null }
      },
      "10": {
        "start": { "line": 18, "column": 17 },
        "end": { "line": 18, "column": null }
      },
      "11": {
        "start": { "line": 19, "column": 62 },
        "end": { "line": 19, "column": null }
      },
      "12": {
        "start": { "line": 21, "column": 59 },
        "end": { "line": 164, "column": null }
      },
      "13": {
        "start": { "line": 33, "column": 16 },
        "end": { "line": 33, "column": null }
      },
      "14": {
        "start": { "line": 34, "column": 25 },
        "end": { "line": 34, "column": null }
      },
      "15": {
        "start": { "line": 35, "column": 23 },
        "end": { "line": 35, "column": null }
      },
      "16": {
        "start": { "line": 37, "column": 20 },
        "end": { "line": 37, "column": 23 }
      },
      "17": {
        "start": { "line": 38, "column": 30 },
        "end": { "line": 38, "column": null }
      },
      "18": {
        "start": { "line": 39, "column": 24 },
        "end": { "line": 39, "column": null }
      },
      "19": {
        "start": { "line": 40, "column": 28 },
        "end": { "line": 40, "column": null }
      },
      "20": {
        "start": { "line": 42, "column": 27 },
        "end": { "line": 44, "column": null }
      },
      "21": {
        "start": { "line": 43, "column": 4 },
        "end": { "line": 43, "column": null }
      },
      "22": {
        "start": { "line": 46, "column": 21 },
        "end": { "line": 69, "column": null }
      },
      "23": {
        "start": { "line": 47, "column": 4 },
        "end": { "line": 63, "column": null }
      },
      "24": {
        "start": { "line": 58, "column": 42 },
        "end": { "line": 58, "column": 61 }
      },
      "25": {
        "start": { "line": 71, "column": 2 },
        "end": { "line": 80, "column": null }
      },
      "26": {
        "start": { "line": 72, "column": 5 },
        "end": { "line": 79, "column": null }
      },
      "27": {
        "start": { "line": 73, "column": 6 },
        "end": { "line": 78, "column": null }
      },
      "28": {
        "start": { "line": 74, "column": 22 },
        "end": { "line": 74, "column": null }
      },
      "29": {
        "start": { "line": 75, "column": 8 },
        "end": { "line": 77, "column": null }
      },
      "30": {
        "start": { "line": 76, "column": 10 },
        "end": { "line": 76, "column": null }
      },
      "31": {
        "start": { "line": 90, "column": 38 },
        "end": { "line": 90, "column": 57 }
      },
      "32": {
        "start": { "line": 166, "column": 15 },
        "end": { "line": 166, "column": null }
      }
    },
    "fnMap": {
      "0": {
        "name": "(anonymous_5)",
        "decl": {
          "start": { "line": 21, "column": 59 },
          "end": { "line": 21, "column": 60 }
        },
        "loc": {
          "start": { "line": 32, "column": 1 },
          "end": { "line": 164, "column": null }
        }
      },
      "1": {
        "name": "(anonymous_6)",
        "decl": {
          "start": { "line": 42, "column": 27 },
          "end": { "line": 42, "column": null }
        },
        "loc": {
          "start": { "line": 42, "column": 27 },
          "end": { "line": 44, "column": null }
        }
      },
      "2": {
        "name": "(anonymous_7)",
        "decl": {
          "start": { "line": 46, "column": 21 },
          "end": { "line": 46, "column": null }
        },
        "loc": {
          "start": { "line": 46, "column": 21 },
          "end": { "line": 69, "column": null }
        }
      },
      "3": {
        "name": "(anonymous_8)",
        "decl": {
          "start": { "line": 58, "column": 22 },
          "end": { "line": 58, "column": 23 }
        },
        "loc": {
          "start": { "line": 58, "column": 42 },
          "end": { "line": 58, "column": 61 }
        }
      },
      "4": {
        "name": "(anonymous_9)",
        "decl": {
          "start": { "line": 71, "column": 12 },
          "end": { "line": 71, "column": null }
        },
        "loc": {
          "start": { "line": 71, "column": 12 },
          "end": { "line": 80, "column": 5 }
        }
      },
      "5": {
        "name": "(anonymous_10)",
        "decl": {
          "start": { "line": 72, "column": 5 },
          "end": { "line": 72, "column": null }
        },
        "loc": {
          "start": { "line": 72, "column": 5 },
          "end": { "line": 79, "column": null }
        }
      },
      "6": {
        "name": "(anonymous_11)",
        "decl": {
          "start": { "line": 90, "column": 18 },
          "end": { "line": 90, "column": 19 }
        },
        "loc": {
          "start": { "line": 90, "column": 38 },
          "end": { "line": 90, "column": 57 }
        }
      }
    },
    "branchMap": {
      "0": {
        "loc": {
          "start": { "line": 47, "column": 4 },
          "end": { "line": 63, "column": null }
        },
        "type": "if",
        "locations": [
          {
            "start": { "line": 47, "column": 4 },
            "end": { "line": 63, "column": null }
          }
        ]
      },
      "1": {
        "loc": {
          "start": { "line": 47, "column": 8 },
          "end": { "line": 47, "column": 23 }
        },
        "type": "binary-expr",
        "locations": [
          {
            "start": { "line": 47, "column": 8 },
            "end": { "line": 47, "column": 15 }
          },
          {
            "start": { "line": 47, "column": 15 },
            "end": { "line": 47, "column": 23 }
          }
        ]
      },
      "2": {
        "loc": {
          "start": { "line": 66, "column": 21 },
          "end": { "line": 66, "column": null }
        },
        "type": "binary-expr",
        "locations": [
          {
            "start": { "line": 66, "column": 21 },
            "end": { "line": 66, "column": 47 }
          },
          {
            "start": { "line": 66, "column": 51 },
            "end": { "line": 66, "column": null }
          }
        ]
      },
      "3": {
        "loc": {
          "start": { "line": 73, "column": 6 },
          "end": { "line": 78, "column": null }
        },
        "type": "if",
        "locations": [
          {
            "start": { "line": 73, "column": 6 },
            "end": { "line": 78, "column": null }
          }
        ]
      },
      "4": {
        "loc": {
          "start": { "line": 75, "column": 8 },
          "end": { "line": 77, "column": null }
        },
        "type": "if",
        "locations": [
          {
            "start": { "line": 75, "column": 8 },
            "end": { "line": 77, "column": null }
          }
        ]
      },
      "5": {
        "loc": {
          "start": { "line": 84, "column": 7 },
          "end": { "line": 84, "column": null }
        },
        "type": "binary-expr",
        "locations": [
          {
            "start": { "line": 84, "column": 7 },
            "end": { "line": 84, "column": null }
          }
        ]
      },
      "6": {
        "loc": {
          "start": { "line": 109, "column": 19 },
          "end": { "line": 109, "column": null }
        },
        "type": "binary-expr",
        "locations": [
          {
            "start": { "line": 109, "column": 19 },
            "end": { "line": 109, "column": 35 }
          },
          {
            "start": { "line": 109, "column": 35 },
            "end": { "line": 109, "column": null }
          }
        ]
      },
      "7": {
        "loc": {
          "start": { "line": 116, "column": 9 },
          "end": { "line": 116, "column": null }
        },
        "type": "binary-expr",
        "locations": [
          {
            "start": { "line": 116, "column": 9 },
            "end": { "line": 116, "column": null }
          }
        ]
      },
      "8": {
        "loc": {
          "start": { "line": 126, "column": 31 },
          "end": { "line": 126, "column": 52 }
        },
        "type": "binary-expr",
        "locations": [
          {
            "start": { "line": 126, "column": 31 },
            "end": { "line": 126, "column": 47 }
          },
          {
            "start": { "line": 126, "column": 47 },
            "end": { "line": 126, "column": 52 }
          }
        ]
      },
      "9": {
        "loc": {
          "start": { "line": 132, "column": 31 },
          "end": { "line": 132, "column": 52 }
        },
        "type": "binary-expr",
        "locations": [
          {
            "start": { "line": 132, "column": 31 },
            "end": { "line": 132, "column": 47 }
          },
          {
            "start": { "line": 132, "column": 47 },
            "end": { "line": 132, "column": 52 }
          }
        ]
      },
      "10": {
        "loc": {
          "start": { "line": 137, "column": 9 },
          "end": { "line": 137, "column": null }
        },
        "type": "binary-expr",
        "locations": [
          {
            "start": { "line": 137, "column": 9 },
            "end": { "line": 137, "column": null }
          }
        ]
      },
      "11": {
        "loc": {
          "start": { "line": 149, "column": 33 },
          "end": { "line": 149, "column": 54 }
        },
        "type": "binary-expr",
        "locations": [
          {
            "start": { "line": 149, "column": 33 },
            "end": { "line": 149, "column": 49 }
          },
          {
            "start": { "line": 149, "column": 49 },
            "end": { "line": 149, "column": 54 }
          }
        ]
      },
      "12": {
        "loc": {
          "start": { "line": 155, "column": 33 },
          "end": { "line": 155, "column": 54 }
        },
        "type": "binary-expr",
        "locations": [
          {
            "start": { "line": 155, "column": 33 },
            "end": { "line": 155, "column": 49 }
          },
          {
            "start": { "line": 155, "column": 49 },
            "end": { "line": 155, "column": 54 }
          }
        ]
      }
    },
    "s": {
      "0": 0,
      "1": 0,
      "2": 0,
      "3": 0,
      "4": 0,
      "5": 0,
      "6": 0,
      "7": 0,
      "8": 0,
      "9": 0,
      "10": 0,
      "11": 0,
      "12": 0,
      "13": 0,
      "14": 0,
      "15": 0,
      "16": 0,
      "17": 0,
      "18": 0,
      "19": 0,
      "20": 0,
      "21": 0,
      "22": 0,
      "23": 0,
      "24": 0,
      "25": 0,
      "26": 0,
      "27": 0,
      "28": 0,
      "29": 0,
      "30": 0,
      "31": 0,
      "32": 0
    },
    "f": { "0": 0, "1": 0, "2": 0, "3": 0, "4": 0, "5": 0, "6": 0 },
    "b": {
      "0": [0],
      "1": [0, 0],
      "2": [0, 0],
      "3": [0],
      "4": [0],
      "5": [0],
      "6": [0, 0],
      "7": [0],
      "8": [0, 0],
      "9": [0, 0],
      "10": [0],
      "11": [0, 0],
      "12": [0, 0]
    }
  },
  "/Users/mathijsbok/Documents/Vibecoding/kleverscan/src/components/Home/BlockCardFetcher/BlockCardSkeleton/index.tsx": {
    "path": "/Users/mathijsbok/Documents/Vibecoding/kleverscan/src/components/Home/BlockCardFetcher/BlockCardSkeleton/index.tsx",
    "statementMap": {
      "0": {
        "start": { "line": 56, "column": 0 },
        "end": { "line": 56, "column": 15 }
      },
      "1": {
        "start": { "line": 2, "column": 21 },
        "end": { "line": 2, "column": null }
      },
      "2": {
        "start": { "line": 3, "column": 64 },
        "end": { "line": 3, "column": null }
      },
      "3": {
        "start": { "line": 4, "column": 31 },
        "end": { "line": 4, "column": null }
      },
      "4": {
        "start": { "line": 5, "column": 17 },
        "end": { "line": 5, "column": null }
      },
      "5": {
        "start": { "line": 6, "column": 18 },
        "end": { "line": 6, "column": null }
      },
      "6": {
        "start": { "line": 8, "column": 74 },
        "end": { "line": 54, "column": null }
      },
      "7": {
        "start": { "line": 11, "column": 16 },
        "end": { "line": 11, "column": null }
      },
      "8": {
        "start": { "line": 12, "column": 25 },
        "end": { "line": 12, "column": null }
      },
      "9": {
        "start": { "line": 14, "column": 21 },
        "end": { "line": 14, "column": null }
      },
      "10": {
        "start": { "line": 56, "column": 15 },
        "end": { "line": 56, "column": null }
      }
    },
    "fnMap": {
      "0": {
        "name": "(anonymous_2)",
        "decl": {
          "start": { "line": 8, "column": 74 },
          "end": { "line": 8, "column": 75 }
        },
        "loc": {
          "start": { "line": 10, "column": 1 },
          "end": { "line": 54, "column": null }
        }
      }
    },
    "branchMap": {},
    "s": {
      "0": 0,
      "1": 0,
      "2": 0,
      "3": 0,
      "4": 0,
      "5": 0,
      "6": 0,
      "7": 0,
      "8": 0,
      "9": 0,
      "10": 0
    },
    "f": { "0": 0 },
    "b": {}
  },
  "/Users/mathijsbok/Documents/Vibecoding/kleverscan/src/components/Home/CardDataFetcher/HomeDataCards/index.tsx": {
    "path": "/Users/mathijsbok/Documents/Vibecoding/kleverscan/src/components/Home/CardDataFetcher/HomeDataCards/index.tsx",
    "statementMap": {
      "0": {
        "start": { "line": 34, "column": 13 },
        "end": { "line": 34, "column": 76 }
      },
      "1": {
        "start": { "line": 176, "column": 0 },
        "end": { "line": 176, "column": 15 }
      },
      "2": {
        "start": { "line": 2, "column": 44 },
        "end": { "line": 2, "column": null }
      },
      "3": {
        "start": { "line": 6, "column": 7 },
        "end": { "line": 6, "column": null }
      },
      "4": {
        "start": { "line": 7, "column": 28 },
        "end": { "line": 7, "column": null }
      },
      "5": {
        "start": { "line": 8, "column": 25 },
        "end": { "line": 8, "column": null }
      },
      "6": {
        "start": { "line": 19, "column": 7 },
        "end": { "line": 19, "column": null }
      },
      "7": {
        "start": { "line": 20, "column": 42 },
        "end": { "line": 20, "column": null }
      },
      "8": {
        "start": { "line": 21, "column": 31 },
        "end": { "line": 21, "column": null }
      },
      "9": {
        "start": { "line": 22, "column": 18 },
        "end": { "line": 22, "column": null }
      },
      "10": {
        "start": { "line": 23, "column": 23 },
        "end": { "line": 23, "column": null }
      },
      "11": {
        "start": { "line": 24, "column": 49 },
        "end": { "line": 24, "column": null }
      },
      "12": {
        "start": { "line": 25, "column": 34 },
        "end": { "line": 25, "column": null }
      },
      "13": {
        "start": { "line": 26, "column": 24 },
        "end": { "line": 26, "column": null }
      },
      "14": {
        "start": { "line": 28, "column": 14 },
        "end": { "line": 32, "column": null }
      },
      "15": {
        "start": { "line": 34, "column": 76 },
        "end": { "line": 59, "column": null }
      },
      "16": {
        "start": { "line": 45, "column": 38 },
        "end": { "line": 45, "column": 57 }
      },
      "17": {
        "start": { "line": 54, "column": 38 },
        "end": { "line": 54, "column": 57 }
      },
      "18": {
        "start": { "line": 61, "column": 67 },
        "end": { "line": 81, "column": null }
      },
      "19": {
        "start": { "line": 64, "column": 26 },
        "end": { "line": 64, "column": null }
      },
      "20": {
        "start": { "line": 65, "column": 16 },
        "end": { "line": 65, "column": null }
      },
      "21": {
        "start": { "line": 83, "column": 47 },
        "end": { "line": 101, "column": null }
      },
      "22": {
        "start": { "line": 84, "column": 29 },
        "end": { "line": 84, "column": null }
      },
      "23": {
        "start": { "line": 85, "column": 16 },
        "end": { "line": 85, "column": null }
      },
      "24": {
        "start": { "line": 103, "column": 51 },
        "end": { "line": 174, "column": null }
      },
      "25": {
        "start": { "line": 104, "column": 23 },
        "end": { "line": 104, "column": null }
      },
      "26": {
        "start": { "line": 106, "column": 16 },
        "end": { "line": 106, "column": null }
      },
      "27": {
        "start": { "line": 115, "column": 6 },
        "end": { "line": 115, "column": null }
      },
      "28": {
        "start": { "line": 117, "column": 33 },
        "end": { "line": 143, "column": null }
      },
      "29": {
        "start": { "line": 145, "column": 2 },
        "end": { "line": 172, "column": null }
      },
      "30": {
        "start": { "line": 150, "column": 10 },
        "end": { "line": 150, "column": null }
      },
      "31": {
        "start": { "line": 176, "column": 15 },
        "end": { "line": 176, "column": null }
      }
    },
    "fnMap": {
      "0": {
        "name": "(anonymous_4)",
        "decl": {
          "start": { "line": 34, "column": 76 },
          "end": { "line": 34, "column": 77 }
        },
        "loc": {
          "start": { "line": 36, "column": 1 },
          "end": { "line": 59, "column": null }
        }
      },
      "1": {
        "name": "(anonymous_5)",
        "decl": {
          "start": { "line": 45, "column": 18 },
          "end": { "line": 45, "column": 19 }
        },
        "loc": {
          "start": { "line": 45, "column": 38 },
          "end": { "line": 45, "column": 57 }
        }
      },
      "2": {
        "name": "(anonymous_6)",
        "decl": {
          "start": { "line": 54, "column": 18 },
          "end": { "line": 54, "column": 19 }
        },
        "loc": {
          "start": { "line": 54, "column": 38 },
          "end": { "line": 54, "column": 57 }
        }
      },
      "3": {
        "name": "(anonymous_7)",
        "decl": {
          "start": { "line": 61, "column": 67 },
          "end": { "line": 61, "column": 68 }
        },
        "loc": {
          "start": { "line": 63, "column": 1 },
          "end": { "line": 81, "column": null }
        }
      },
      "4": {
        "name": "(anonymous_8)",
        "decl": {
          "start": { "line": 83, "column": 47 },
          "end": { "line": 83, "column": null }
        },
        "loc": {
          "start": { "line": 83, "column": 47 },
          "end": { "line": 101, "column": null }
        }
      },
      "5": {
        "name": "(anonymous_9)",
        "decl": {
          "start": { "line": 103, "column": 51 },
          "end": { "line": 103, "column": null }
        },
        "loc": {
          "start": { "line": 103, "column": 51 },
          "end": { "line": 174, "column": null }
        }
      },
      "6": {
        "name": "(anonymous_10)",
        "decl": {
          "start": { "line": 149, "column": 23 },
          "end": { "line": 149, "column": 24 }
        },
        "loc": {
          "start": { "line": 150, "column": 10 },
          "end": { "line": 150, "column": null }
        }
      }
    },
    "branchMap": {
      "0": {
        "loc": {
          "start": { "line": 76, "column": 25 },
          "end": { "line": 76, "column": 62 }
        },
        "type": "cond-expr",
        "locations": [
          {
            "start": { "line": 76, "column": 39 },
            "end": { "line": 76, "column": 51 }
          },
          {
            "start": { "line": 76, "column": 51 },
            "end": { "line": 76, "column": 62 }
          }
        ]
      },
      "1": {
        "loc": {
          "start": { "line": 91, "column": 34 },
          "end": { "line": 91, "column": 60 }
        },
        "type": "cond-expr",
        "locations": [
          {
            "start": { "line": 91, "column": 42 },
            "end": { "line": 91, "column": 55 }
          },
          {
            "start": { "line": 91, "column": 58 },
            "end": { "line": 91, "column": 60 }
          }
        ]
      },
      "2": {
        "loc": {
          "start": { "line": 121, "column": 13 },
          "end": { "line": 121, "column": null }
        },
        "type": "binary-expr",
        "locations": [
          {
            "start": { "line": 121, "column": 13 },
            "end": { "line": 121, "column": 34 }
          },
          {
            "start": { "line": 121, "column": 34 },
            "end": { "line": 121, "column": null }
          }
        ]
      },
      "3": {
        "loc": {
          "start": { "line": 125, "column": 8 },
          "end": { "line": 127, "column": 51 }
        },
        "type": "cond-expr",
        "locations": [
          {
            "start": { "line": 126, "column": 12 },
            "end": { "line": 126, "column": null }
          },
          {
            "start": { "line": 127, "column": 12 },
            "end": { "line": 127, "column": 51 }
          }
        ]
      },
      "4": {
        "loc": {
          "start": { "line": 132, "column": 13 },
          "end": { "line": 132, "column": null }
        },
        "type": "binary-expr",
        "locations": [
          {
            "start": { "line": 132, "column": 13 },
            "end": { "line": 132, "column": 30 }
          },
          {
            "start": { "line": 132, "column": 30 },
            "end": { "line": 132, "column": null }
          }
        ]
      },
      "5": {
        "loc": {
          "start": { "line": 134, "column": 8 },
          "end": { "line": 136, "column": 47 }
        },
        "type": "cond-expr",
        "locations": [
          {
            "start": { "line": 135, "column": 12 },
            "end": { "line": 135, "column": null }
          },
          {
            "start": { "line": 136, "column": 12 },
            "end": { "line": 136, "column": 47 }
          }
        ]
      },
      "6": {
        "loc": {
          "start": { "line": 145, "column": 9 },
          "end": { "line": 172, "column": null }
        },
        "type": "cond-expr",
        "locations": [
          {
            "start": { "line": 146, "column": 4 },
            "end": { "line": 172, "column": 5 }
          },
          {
            "start": { "line": 172, "column": 4 },
            "end": { "line": 172, "column": null }
          }
        ]
      },
      "7": {
        "loc": {
          "start": { "line": 160, "column": 15 },
          "end": { "line": 160, "column": null }
        },
        "type": "binary-expr",
        "locations": [
          {
            "start": { "line": 160, "column": 15 },
            "end": { "line": 160, "column": null }
          }
        ]
      }
    },
    "s": {
      "0": 0,
      "1": 3,
      "2": 1,
      "3": 1,
      "4": 1,
      "5": 1,
      "6": 1,
      "7": 1,
      "8": 1,
      "9": 1,
      "10": 1,
      "11": 1,
      "12": 1,
      "13": 1,
      "14": 1,
      "15": 1,
      "16": 36,
      "17": 36,
      "18": 1,
      "19": 3,
      "20": 3,
      "21": 1,
      "22": 3,
      "23": 3,
      "24": 1,
      "25": 3,
      "26": 3,
      "27": 3,
      "28": 3,
      "29": 3,
      "30": 9,
      "31": 1
    },
    "f": { "0": 9, "1": 36, "2": 36, "3": 3, "4": 3, "5": 3, "6": 9 },
    "b": {
      "0": [0, 3],
      "1": [0, 3],
      "2": [3, 0],
      "3": [1, 2],
      "4": [3, 0],
      "5": [1, 2],
      "6": [3, 0],
      "7": [9]
    }
  },
  "/Users/mathijsbok/Documents/Vibecoding/kleverscan/src/components/Home/CardDataFetcher/HomeDataCards/GradientSVG/index.tsx": {
    "path": "/Users/mathijsbok/Documents/Vibecoding/kleverscan/src/components/Home/CardDataFetcher/HomeDataCards/GradientSVG/index.tsx",
    "statementMap": {
      "0": {
        "start": { "line": 16, "column": 0 },
        "end": { "line": 16, "column": 15 }
      },
      "1": {
        "start": { "line": 2, "column": 49 },
        "end": { "line": 14, "column": null }
      },
      "2": {
        "start": { "line": 3, "column": 16 },
        "end": { "line": 3, "column": null }
      },
      "3": {
        "start": { "line": 16, "column": 15 },
        "end": { "line": 16, "column": null }
      }
    },
    "fnMap": {
      "0": {
        "name": "(anonymous_1)",
        "decl": {
          "start": { "line": 2, "column": 49 },
          "end": { "line": 2, "column": null }
        },
        "loc": {
          "start": { "line": 2, "column": 49 },
          "end": { "line": 14, "column": null }
        }
      }
    },
    "branchMap": {},
    "s": { "0": 3, "1": 1, "2": 3, "3": 1 },
    "f": { "0": 3 },
    "b": {}
  },
  "/Users/mathijsbok/Documents/Vibecoding/kleverscan/src/components/Home/CardDataFetcher/HomeDataCardsSkeleton/index.tsx": {
    "path": "/Users/mathijsbok/Documents/Vibecoding/kleverscan/src/components/Home/CardDataFetcher/HomeDataCardsSkeleton/index.tsx",
    "statementMap": {
      "0": {
        "start": { "line": 75, "column": 0 },
        "end": { "line": 75, "column": 15 }
      },
      "1": {
        "start": { "line": 2, "column": 51 },
        "end": { "line": 2, "column": null }
      },
      "2": {
        "start": { "line": 3, "column": 21 },
        "end": { "line": 3, "column": null }
      },
      "3": {
        "start": { "line": 9, "column": 7 },
        "end": { "line": 9, "column": null }
      },
      "4": {
        "start": { "line": 10, "column": 31 },
        "end": { "line": 10, "column": null }
      },
      "5": {
        "start": { "line": 12, "column": 59 },
        "end": { "line": 73, "column": null }
      },
      "6": {
        "start": { "line": 13, "column": 16 },
        "end": { "line": 13, "column": null }
      },
      "7": {
        "start": { "line": 15, "column": 27 },
        "end": { "line": 40, "column": null }
      },
      "8": {
        "start": { "line": 46, "column": 10 },
        "end": { "line": 47, "column": null }
      },
      "9": {
        "start": { "line": 75, "column": 15 },
        "end": { "line": 75, "column": null }
      }
    },
    "fnMap": {
      "0": {
        "name": "(anonymous_2)",
        "decl": {
          "start": { "line": 12, "column": 59 },
          "end": { "line": 12, "column": null }
        },
        "loc": {
          "start": { "line": 12, "column": 59 },
          "end": { "line": 73, "column": null }
        }
      },
      "1": {
        "name": "(anonymous_3)",
        "decl": {
          "start": { "line": 45, "column": 23 },
          "end": { "line": 45, "column": 24 }
        },
        "loc": {
          "start": { "line": 46, "column": 10 },
          "end": { "line": 47, "column": null }
        }
      }
    },
    "branchMap": {},
    "s": {
      "0": 0,
      "1": 1,
      "2": 1,
      "3": 1,
      "4": 1,
      "5": 1,
      "6": 0,
      "7": 0,
      "8": 0,
      "9": 1
    },
    "f": { "0": 0, "1": 0 },
    "b": {}
  },
  "/Users/mathijsbok/Documents/Vibecoding/kleverscan/src/components/Home/CoinDataFetcher/CoinCard/index.tsx": {
    "path": "/Users/mathijsbok/Documents/Vibecoding/kleverscan/src/components/Home/CoinDataFetcher/CoinCard/index.tsx",
    "statementMap": {
      "0": {
        "start": { "line": 462, "column": 0 },
        "end": { "line": 462, "column": 15 }
      },
      "1": {
        "start": { "line": 1, "column": 43 },
        "end": { "line": 1, "column": null }
      },
      "2": {
        "start": { "line": 2, "column": 26 },
        "end": { "line": 2, "column": null }
      },
      "3": {
        "start": { "line": 4, "column": 29 },
        "end": { "line": 4, "column": null }
      },
      "4": {
        "start": { "line": 5, "column": 24 },
        "end": { "line": 5, "column": null }
      },
      "5": {
        "start": { "line": 6, "column": 23 },
        "end": { "line": 6, "column": null }
      },
      "6": {
        "start": { "line": 7, "column": 26 },
        "end": { "line": 7, "column": null }
      },
      "7": {
        "start": { "line": 17, "column": 7 },
        "end": { "line": 17, "column": null }
      },
      "8": {
        "start": { "line": 24, "column": 29 },
        "end": { "line": 24, "column": null }
      },
      "9": {
        "start": { "line": 25, "column": 27 },
        "end": { "line": 25, "column": null }
      },
      "10": {
        "start": { "line": 26, "column": 31 },
        "end": { "line": 26, "column": null }
      },
      "11": {
        "start": { "line": 27, "column": 20 },
        "end": { "line": 27, "column": null }
      },
      "12": {
        "start": { "line": 29, "column": 17 },
        "end": { "line": 29, "column": null }
      },
      "13": {
        "start": { "line": 30, "column": 59 },
        "end": { "line": 30, "column": null }
      },
      "14": {
        "start": { "line": 31, "column": 30 },
        "end": { "line": 31, "column": null }
      },
      "15": {
        "start": { "line": 32, "column": 29 },
        "end": { "line": 32, "column": null }
      },
      "16": {
        "start": { "line": 62, "column": 7 },
        "end": { "line": 62, "column": null }
      },
      "17": {
        "start": { "line": 68, "column": 4 },
        "end": { "line": 68, "column": 15 }
      },
      "18": {
        "start": { "line": 69, "column": 28 },
        "end": { "line": 69, "column": 60 }
      },
      "19": {
        "start": { "line": 84, "column": 25 },
        "end": { "line": 106, "column": null }
      },
      "20": {
        "start": { "line": 110, "column": 4 },
        "end": { "line": 244, "column": null }
      },
      "21": {
        "start": { "line": 118, "column": 6 },
        "end": { "line": 118, "column": null }
      },
      "22": {
        "start": { "line": 119, "column": 67 },
        "end": { "line": 119, "column": null }
      },
      "23": {
        "start": { "line": 120, "column": 16 },
        "end": { "line": 120, "column": null }
      },
      "24": {
        "start": { "line": 121, "column": 42 },
        "end": { "line": 121, "column": null }
      },
      "25": {
        "start": { "line": 122, "column": 52 },
        "end": { "line": 122, "column": null }
      },
      "26": {
        "start": { "line": 123, "column": 41 },
        "end": { "line": 123, "column": null }
      },
      "27": {
        "start": { "line": 125, "column": 22 },
        "end": { "line": 132, "column": null }
      },
      "28": {
        "start": { "line": 126, "column": 4 },
        "end": { "line": 129, "column": null }
      },
      "29": {
        "start": { "line": 130, "column": 4 },
        "end": { "line": 130, "column": null }
      },
      "30": {
        "start": { "line": 131, "column": 4 },
        "end": { "line": 131, "column": null }
      },
      "31": {
        "start": { "line": 145, "column": 16 },
        "end": { "line": 145, "column": 55 }
      },
      "32": {
        "start": { "line": 230, "column": 12 },
        "end": { "line": 231, "column": null }
      },
      "33": {
        "start": { "line": 233, "column": 16 },
        "end": { "line": 233, "column": null }
      },
      "34": {
        "start": { "line": 246, "column": 46 },
        "end": { "line": 460, "column": null }
      },
      "35": {
        "start": { "line": 247, "column": 42 },
        "end": { "line": 247, "column": null }
      },
      "36": {
        "start": { "line": 248, "column": 22 },
        "end": { "line": 248, "column": null }
      },
      "37": {
        "start": { "line": 249, "column": 18 },
        "end": { "line": 249, "column": null }
      },
      "38": {
        "start": { "line": 250, "column": 19 },
[...]
      "12": {
        "start": { "line": 63, "column": 2 },
        "end": { "line": 63, "column": null }
      },
      "13": {
        "start": { "line": 63, "column": 23 },
        "end": { "line": 63, "column": null }
      },
      "14": {
        "start": { "line": 64, "column": 16 },
        "end": { "line": 64, "column": null }
      },
      "15": {
        "start": { "line": 65, "column": 2 },
        "end": { "line": 65, "column": null }
      },
      "16": {
        "start": { "line": 68, "column": 18 },
        "end": { "line": 78, "column": null }
      },
      "17": {
        "start": { "line": 69, "column": 19 },
        "end": { "line": 72, "column": null }
      },
      "18": {
        "start": { "line": 73, "column": 2 },
        "end": { "line": 73, "column": null }
      },
      "19": {
        "start": { "line": 73, "column": 23 },
        "end": { "line": 73, "column": null }
      },
      "20": {
        "start": { "line": 74, "column": 16 },
        "end": { "line": 74, "column": null }
      },
      "21": {
        "start": { "line": 77, "column": 2 },
        "end": { "line": 77, "column": null }
      },
      "22": {
        "start": { "line": 86, "column": 19 },
        "end": { "line": 91, "column": null }
      },
      "23": {
        "start": { "line": 87, "column": 19 },
        "end": { "line": 87, "column": null }
      },
      "24": {
        "start": { "line": 88, "column": 2 },
        "end": { "line": 88, "column": null }
      },
      "25": {
        "start": { "line": 88, "column": 23 },
        "end": { "line": 88, "column": null }
      },
      "26": {
        "start": { "line": 89, "column": 17 },
        "end": { "line": 89, "column": null }
      },
      "27": {
        "start": { "line": 90, "column": 2 },
        "end": { "line": 90, "column": null }
      },
      "28": {
        "start": { "line": 93, "column": 27 },
        "end": { "line": 104, "column": null }
      },
      "29": {
        "start": { "line": 96, "column": 19 },
        "end": { "line": 99, "column": null }
      },
      "30": {
        "start": { "line": 100, "column": 2 },
        "end": { "line": 100, "column": null }
      },
      "31": {
        "start": { "line": 100, "column": 23 },
        "end": { "line": 100, "column": null }
      },
      "32": {
        "start": { "line": 101, "column": 14 },
        "end": { "line": 101, "column": 50 }
      },
      "33": {
        "start": { "line": 102, "column": 2 },
        "end": { "line": 102, "column": null }
      },
      "34": {
        "start": { "line": 102, "column": 17 },
        "end": { "line": 102, "column": null }
      },
      "35": {
        "start": { "line": 103, "column": 2 },
        "end": { "line": 103, "column": null }
      },
      "36": {
        "start": { "line": 113, "column": 30 },
        "end": { "line": 134, "column": null }
      },
      "37": {
        "start": { "line": 117, "column": 2 },
        "end": { "line": 117, "column": null }
      },
      "38": {
        "start": { "line": 117, "column": 27 },
        "end": { "line": 117, "column": null }
      },
      "39": {
        "start": { "line": 123, "column": 2 },
        "end": { "line": 123, "column": null }
      },
      "40": {
        "start": { "line": 123, "column": 38 },
        "end": { "line": 123, "column": null }
      },
      "41": {
        "start": { "line": 125, "column": 16 },
        "end": { "line": 130, "column": null }
      },
      "42": {
        "start": { "line": 125, "column": 54 },
        "end": { "line": 128, "column": null }
      },
      "43": {
        "start": { "line": 129, "column": 21 },
        "end": { "line": 129, "column": null }
      },
      "44": {
        "start": { "line": 130, "column": 20 },
        "end": { "line": 130, "column": 37 }
      },
      "45": {
        "start": { "line": 132, "column": 16 },
        "end": { "line": 132, "column": null }
      },
      "46": {
        "start": { "line": 132, "column": 53 },
        "end": { "line": 132, "column": 70 }
      },
      "47": {
        "start": { "line": 133, "column": 2 },
        "end": { "line": 133, "column": null }
      },
      "48": {
        "start": { "line": 146, "column": 2 },
        "end": { "line": 171, "column": null }
      },
      "49": {
        "start": { "line": 149, "column": 16 },
        "end": { "line": 149, "column": null }
      },
      "50": {
        "start": { "line": 156, "column": 8 },
        "end": { "line": 162, "column": null }
      },
      "51": {
        "start": { "line": 164, "column": 4 },
        "end": { "line": 170, "column": null }
      },
      "52": {
        "start": { "line": 181, "column": 41 },
        "end": { "line": 193, "column": null }
      },
      "53": {
        "start": { "line": 189, "column": 14 },
        "end": { "line": 189, "column": null }
      },
      "54": {
        "start": { "line": 190, "column": 2 },
        "end": { "line": 191, "column": null }
      },
      "55": {
        "start": { "line": 191, "column": 32 },
        "end": { "line": 191, "column": null }
      },
      "56": {
        "start": { "line": 200, "column": 32 },
        "end": { "line": 205, "column": null }
      },
      "57": {
        "start": { "line": 203, "column": 2 },
        "end": { "line": 203, "column": null }
      },
      "58": {
        "start": { "line": 203, "column": 61 },
        "end": { "line": 203, "column": null }
      },
      "59": {
        "start": { "line": 204, "column": 2 },
        "end": { "line": 204, "column": null }
      },
      "60": {
        "start": { "line": 217, "column": 27 },
        "end": { "line": 228, "column": null }
      },
      "61": {
        "start": { "line": 220, "column": 41 },
        "end": { "line": 220, "column": null }
      },
      "62": {
        "start": { "line": 221, "column": 2 },
        "end": { "line": 222, "column": null }
      },
      "63": {
        "start": { "line": 222, "column": 4 },
        "end": { "line": 222, "column": null }
      },
      "64": {
        "start": { "line": 224, "column": 17 },
        "end": { "line": 224, "column": null }
      },
      "65": {
        "start": { "line": 225, "column": 2 },
        "end": { "line": 225, "column": null }
      },
      "66": {
        "start": { "line": 225, "column": 19 },
        "end": { "line": 225, "column": null }
      },
      "67": {
        "start": { "line": 227, "column": 2 },
        "end": { "line": 227, "column": null }
      }
    },
    "fnMap": {
      "0": {
        "name": "(anonymous_8)",
        "decl": {
          "start": { "line": 49, "column": 24 },
          "end": { "line": 49, "column": null }
        },
        "loc": {
          "start": { "line": 52, "column": 2 },
          "end": { "line": 66, "column": null }
        }
      },
      "1": {
        "name": "(anonymous_9)",
        "decl": {
          "start": { "line": 68, "column": 18 },
          "end": { "line": 68, "column": null }
        },
        "loc": {
          "start": { "line": 68, "column": 18 },
          "end": { "line": 78, "column": null }
        }
      },
      "2": {
        "name": "(anonymous_10)",
        "decl": {
          "start": { "line": 86, "column": 19 },
          "end": { "line": 86, "column": null }
        },
        "loc": {
          "start": { "line": 86, "column": 19 },
          "end": { "line": 91, "column": null }
        }
      },
      "3": {
        "name": "(anonymous_11)",
        "decl": {
          "start": { "line": 93, "column": 27 },
          "end": { "line": 93, "column": null }
        },
        "loc": {
          "start": { "line": 93, "column": 27 },
          "end": { "line": 104, "column": null }
        }
      },
      "4": {
        "name": "(anonymous_12)",
        "decl": {
          "start": { "line": 113, "column": 30 },
          "end": { "line": 113, "column": null }
        },
        "loc": {
          "start": { "line": 115, "column": 2 },
          "end": { "line": 134, "column": null }
        }
      },
      "5": {
        "name": "(anonymous_13)",
        "decl": {
          "start": { "line": 125, "column": 36 },
          "end": { "line": 125, "column": 37 }
        },
        "loc": {
          "start": { "line": 125, "column": 54 },
          "end": { "line": 128, "column": null }
        }
      },
      "6": {
        "name": "(anonymous_14)",
        "decl": {
          "start": { "line": 129, "column": 12 },
          "end": { "line": 129, "column": 21 }
        },
        "loc": {
          "start": { "line": 129, "column": 21 },
          "end": { "line": 129, "column": null }
        }
      },
      "7": {
        "name": "(anonymous_15)",
        "decl": {
          "start": { "line": 130, "column": 10 },
          "end": { "line": 130, "column": 11 }
        },
        "loc": {
          "start": { "line": 130, "column": 20 },
          "end": { "line": 130, "column": 37 }
        }
      },
      "8": {
        "name": "(anonymous_16)",
        "decl": {
          "start": { "line": 132, "column": 37 },
          "end": { "line": 132, "column": 38 }
        },
        "loc": {
          "start": { "line": 132, "column": 53 },
          "end": { "line": 132, "column": 70 }
        }
      },
      "9": {
        "name": "(anonymous_17)",
        "decl": {
          "start": { "line": 146, "column": 2 },
          "end": { "line": 146, "column": null }
        },
        "loc": {
          "start": { "line": 146, "column": 2 },
          "end": { "line": 171, "column": null }
        }
      },
      "10": {
        "name": "(anonymous_18)",
        "decl": {
          "start": { "line": 181, "column": 41 },
          "end": { "line": 181, "column": null }
        },
        "loc": {
          "start": { "line": 181, "column": 41 },
          "end": { "line": 193, "column": null }
        }
      },
      "11": {
        "name": "(anonymous_19)",
        "decl": {
          "start": { "line": 191, "column": 24 },
          "end": { "line": 191, "column": 32 }
        },
        "loc": {
          "start": { "line": 191, "column": 32 },
          "end": { "line": 191, "column": null }
        }
      },
      "12": {
        "name": "(anonymous_20)",
        "decl": {
          "start": { "line": 200, "column": 32 },
          "end": { "line": 200, "column": null }
        },
        "loc": {
          "start": { "line": 201, "column": 2 },
          "end": { "line": 205, "column": null }
        }
      },
      "13": {
        "name": "(anonymous_21)",
        "decl": {
          "start": { "line": 217, "column": 27 },
          "end": { "line": 217, "column": null }
        },
        "loc": {
          "start": { "line": 218, "column": 2 },
          "end": { "line": 228, "column": null }
        }
      }
    },
    "branchMap": {
      "0": {
        "loc": {
          "start": { "line": 60, "column": 10 },
          "end": { "line": 60, "column": 44 }
        },
        "type": "cond-expr",
        "locations": [
          {
            "start": { "line": 60, "column": 31 },
            "end": { "line": 60, "column": 36 }
          },
          {
            "start": { "line": 60, "column": 36 },
            "end": { "line": 60, "column": 44 }
          }
        ]
      },
      "1": {
        "loc": {
          "start": { "line": 63, "column": 2 },
          "end": { "line": 63, "column": null }
        },
        "type": "if",
        "locations": [
          {
            "start": { "line": 63, "column": 2 },
            "end": { "line": 63, "column": null }
          }
        ]
      },
      "2": {
        "loc": {
          "start": { "line": 65, "column": 9 },
          "end": { "line": 65, "column": null }
        },
        "type": "cond-expr",
        "locations": [
          {
            "start": { "line": 65, "column": 34 },
            "end": { "line": 65, "column": 42 }
          },
          {
            "start": { "line": 65, "column": 42 },
            "end": { "line": 65, "column": null }
          }
        ]
      },
      "3": {
        "loc": {
          "start": { "line": 73, "column": 2 },
          "end": { "line": 73, "column": null }
        },
        "type": "if",
        "locations": [
          {
            "start": { "line": 73, "column": 2 },
            "end": { "line": 73, "column": null }
          }
        ]
      },
      "4": {
        "loc": {
          "start": { "line": 77, "column": 9 },
          "end": { "line": 77, "column": null }
        },
        "type": "cond-expr",
        "locations": [
          {
            "start": { "line": 77, "column": 34 },
            "end": { "line": 77, "column": 42 }
          },
          {
            "start": { "line": 77, "column": 42 },
            "end": { "line": 77, "column": null }
          }
        ]
      },
      "5": {
        "loc": {
          "start": { "line": 88, "column": 2 },
          "end": { "line": 88, "column": null }
        },
        "type": "if",
        "locations": [
          {
            "start": { "line": 88, "column": 2 },
            "end": { "line": 88, "column": null }
          }
        ]
      },
      "6": {
        "loc": {
          "start": { "line": 90, "column": 9 },
          "end": { "line": 90, "column": null }
        },
        "type": "cond-expr",
        "locations": [
          {
            "start": { "line": 90, "column": 35 },
            "end": { "line": 90, "column": 44 }
          },
          {
            "start": { "line": 90, "column": 44 },
            "end": { "line": 90, "column": null }
          }
        ]
      },
      "7": {
        "loc": {
          "start": { "line": 100, "column": 2 },
          "end": { "line": 100, "column": null }
        },
        "type": "if",
        "locations": [
          {
            "start": { "line": 100, "column": 2 },
            "end": { "line": 100, "column": null }
          }
        ]
      },
      "8": {
        "loc": {
          "start": { "line": 102, "column": 2 },
          "end": { "line": 102, "column": null }
        },
        "type": "if",
        "locations": [
          {
            "start": { "line": 102, "column": 2 },
            "end": { "line": 102, "column": null }
          }
        ]
      },
      "9": {
        "loc": {
          "start": { "line": 103, "column": 36 },
          "end": { "line": 103, "column": 55 }
        },
        "type": "binary-expr",
        "locations": [
          {
            "start": { "line": 103, "column": 36 },
            "end": { "line": 103, "column": 49 }
          },
          {
            "start": { "line": 103, "column": 53 },
            "end": { "line": 103, "column": 55 }
          }
        ]
      },
      "10": {
        "loc": {
          "start": { "line": 117, "column": 2 },
          "end": { "line": 117, "column": null }
        },
        "type": "if",
        "locations": [
          {
            "start": { "line": 117, "column": 2 },
            "end": { "line": 117, "column": null }
          }
        ]
      },
      "11": {
        "loc": {
          "start": { "line": 123, "column": 2 },
          "end": { "line": 123, "column": null }
        },
        "type": "if",
        "locations": [
          {
            "start": { "line": 123, "column": 2 },
            "end": { "line": 123, "column": null }
          }
        ]
      },
      "12": {
        "loc": {
          "start": { "line": 127, "column": 11 },
          "end": { "line": 127, "column": null }
        },
        "type": "binary-expr",
        "locations": [
          {
            "start": { "line": 127, "column": 11 },
            "end": { "line": 127, "column": 28 }
          },
          {
            "start": { "line": 127, "column": 32 },
            "end": { "line": 127, "column": null }
          }
        ]
      },
      "13": {
        "loc": {
          "start": { "line": 133, "column": 9 },
          "end": { "line": 133, "column": null }
        },
        "type": "cond-expr",
        "locations": [
          {
            "start": { "line": 133, "column": 21 },
            "end": { "line": 133, "column": 67 }
          },
          {
            "start": { "line": 133, "column": 67 },
            "end": { "line": 133, "column": null }
          }
        ]
      },
      "14": {
        "loc": {
          "start": { "line": 203, "column": 2 },
          "end": { "line": 203, "column": null }
        },
        "type": "if",
        "locations": [
          {
            "start": { "line": 203, "column": 2 },
            "end": { "line": 203, "column": null }
          }
        ]
      },
      "15": {
        "loc": {
          "start": { "line": 203, "column": 6 },
          "end": { "line": 203, "column": 61 }
        },
        "type": "binary-expr",
        "locations": [
          {
            "start": { "line": 203, "column": 6 },
            "end": { "line": 203, "column": 26 }
          },
          {
            "start": { "line": 203, "column": 30 },
            "end": { "line": 203, "column": 61 }
          }
        ]
      },
      "16": {
        "loc": {
          "start": { "line": 221, "column": 2 },
          "end": { "line": 222, "column": null }
        },
        "type": "if",
        "locations": [
          {
            "start": { "line": 221, "column": 2 },
            "end": { "line": 222, "column": null }
          }
        ]
      },
      "17": {
        "loc": {
          "start": { "line": 221, "column": 6 },
          "end": { "line": 221, "column": null }
        },
        "type": "binary-expr",
        "locations": [
          {
            "start": { "line": 221, "column": 6 },
            "end": { "line": 221, "column": 31 }
          },
          {
            "start": { "line": 221, "column": 31 },
            "end": { "line": 221, "column": null }
          }
        ]
      },
      "18": {
        "loc": {
          "start": { "line": 225, "column": 2 },
          "end": { "line": 225, "column": null }
        },
        "type": "if",
        "locations": [
          {
            "start": { "line": 225, "column": 2 },
            "end": { "line": 225, "column": null }
          }
        ]
      }
    },
    "s": {
      "0": 2,
      "1": 5,
      "2": 4,
      "3": 6,
      "4": 6,
      "5": 13,
      "6": 2,
      "7": 2,
      "8": 2,
      "9": 2,
      "10": 2,
      "11": 44,
      "12": 44,
      "13": 5,
      "14": 39,
      "15": 39,
      "16": 2,
      "17": 12,
      "18": 12,
      "19": 1,
      "20": 11,
      "21": 11,
      "22": 2,
      "23": 12,
      "24": 12,
      "25": 2,
      "26": 10,
      "27": 10,
      "28": 2,
      "29": 12,
      "30": 12,
      "31": 1,
      "32": 11,
      "33": 11,
      "34": 9,
      "35": 2,
      "36": 2,
      "37": 13,
      "38": 2,
      "39": 11,
      "40": 1,
      "41": 10,
      "42": 40,
      "43": 40,
      "44": 25,
      "45": 10,
      "46": 35,
      "47": 10,
      "48": 2,
      "49": 12,
      "50": 12,
      "51": 12,
      "52": 2,
      "53": 5,
      "54": 5,
      "55": 20,
      "56": 2,
      "57": 14,
      "58": 4,
      "59": 10,
      "60": 2,
      "61": 16,
      "62": 16,
      "63": 5,
      "64": 11,
      "65": 11,
      "66": 1,
      "67": 10
    },
    "f": {
      "0": 44,
      "1": 12,
      "2": 12,
      "3": 12,
      "4": 13,
      "5": 40,
      "6": 40,
      "7": 25,
      "8": 35,
      "9": 12,
      "10": 5,
      "11": 20,
      "12": 14,
      "13": 16
    },
    "b": {
      "0": [24, 20],
      "1": [5],
      "2": [37, 2],
      "3": [1],
      "4": [7, 4],
      "5": [2],
      "6": [1, 9],
      "7": [1],
      "8": [9],
      "9": [2, 0],
      "10": [2],
      "11": [1],
      "12": [40, 0],
      "13": [7, 3],
      "14": [4],
      "15": [14, 10],
      "16": [5],
      "17": [16, 12],
      "18": [1]
    }
  }
}
